[debug] [2020-04-16T16:37:26.350Z] ----------------------------------------------------------------------
[debug] [2020-04-16T16:37:26.352Z] Command:       /usr/local/Cellar/node/12.11.1/bin/node /usr/local/bin/firebase deploy --only functions
[debug] [2020-04-16T16:37:26.353Z] CLI Version:   8.0.3
[debug] [2020-04-16T16:37:26.353Z] Platform:      darwin
[debug] [2020-04-16T16:37:26.353Z] Node Version:  v12.11.1
[debug] [2020-04-16T16:37:26.356Z] Time:          Thu Apr 16 2020 18:37:26 GMT+0200 (Central European Summer Time)
[debug] [2020-04-16T16:37:26.356Z] ----------------------------------------------------------------------
[debug] [2020-04-16T16:37:26.356Z] 
[debug] [2020-04-16T16:37:26.375Z] > command requires scopes: ["email","openid","https://www.googleapis.com/auth/cloudplatformprojects.readonly","https://www.googleapis.com/auth/firebase","https://www.googleapis.com/auth/cloud-platform"]
[debug] [2020-04-16T16:37:26.375Z] > authorizing via signed-in user
[debug] [2020-04-16T16:37:26.376Z] [iam] checking project marioplan-9bf35 for permissions ["cloudfunctions.functions.create","cloudfunctions.functions.delete","cloudfunctions.functions.get","cloudfunctions.functions.list","cloudfunctions.functions.update","cloudfunctions.operations.get","firebase.projects.get"]
[debug] [2020-04-16T16:37:26.379Z] > refreshing access token with scopes: ["email","https://www.googleapis.com/auth/cloud-platform","https://www.googleapis.com/auth/cloudplatformprojects.readonly","https://www.googleapis.com/auth/firebase","openid"]
[debug] [2020-04-16T16:37:26.380Z] >>> HTTP REQUEST POST https://www.googleapis.com/oauth2/v3/token  
 <request body omitted>
[debug] [2020-04-16T16:37:26.736Z] <<< HTTP RESPONSE 200 {"content-type":"application/json; charset=utf-8","vary":"X-Origin, Referer, Origin,Accept-Encoding","date":"Thu, 16 Apr 2020 16:37:26 GMT","server":"scaffolding on HTTPServer2","cache-control":"private","x-xss-protection":"0","x-frame-options":"SAMEORIGIN","x-content-type-options":"nosniff","alt-svc":"quic=\":443\"; ma=2592000; v=\"46,43\",h3-Q050=\":443\"; ma=2592000,h3-Q049=\":443\"; ma=2592000,h3-Q048=\":443\"; ma=2592000,h3-Q046=\":443\"; ma=2592000,h3-Q043=\":443\"; ma=2592000,h3-T050=\":443\"; ma=2592000","accept-ranges":"none","transfer-encoding":"chunked"}
[debug] [2020-04-16T16:37:26.758Z] >>> HTTP REQUEST POST https://cloudresourcemanager.googleapis.com/v1/projects/marioplan-9bf35:testIamPermissions  
 {"permissions":["cloudfunctions.functions.create","cloudfunctions.functions.delete","cloudfunctions.functions.get","cloudfunctions.functions.list","cloudfunctions.functions.update","cloudfunctions.operations.get","firebase.projects.get"]}
[debug] [2020-04-16T16:37:27.940Z] <<< HTTP RESPONSE 200 {"content-type":"application/json; charset=UTF-8","vary":"X-Origin, Referer, Origin,Accept-Encoding","date":"Thu, 16 Apr 2020 16:37:27 GMT","server":"ESF","cache-control":"private","x-xss-protection":"0","x-frame-options":"SAMEORIGIN","x-content-type-options":"nosniff","server-timing":"gfet4t7; dur=705","alt-svc":"quic=\":443\"; ma=2592000; v=\"46,43\",h3-Q050=\":443\"; ma=2592000,h3-Q049=\":443\"; ma=2592000,h3-Q048=\":443\"; ma=2592000,h3-Q046=\":443\"; ma=2592000,h3-Q043=\":443\"; ma=2592000,h3-T050=\":443\"; ma=2592000","accept-ranges":"none","transfer-encoding":"chunked"}
[debug] [2020-04-16T16:37:27.942Z] >>> HTTP REQUEST POST https://iam.googleapis.com/v1/projects/marioplan-9bf35/serviceAccounts/marioplan-9bf35@appspot.gserviceaccount.com:testIamPermissions  
 {"permissions":["iam.serviceAccounts.actAs"]}
[debug] [2020-04-16T16:37:29.128Z] <<< HTTP RESPONSE 200 {"content-type":"application/json; charset=UTF-8","vary":"X-Origin, Referer, Origin,Accept-Encoding","date":"Thu, 16 Apr 2020 16:37:29 GMT","server":"ESF","cache-control":"private","x-xss-protection":"0","x-frame-options":"SAMEORIGIN","x-content-type-options":"nosniff","alt-svc":"quic=\":443\"; ma=2592000; v=\"46,43\",h3-Q050=\":443\"; ma=2592000,h3-Q049=\":443\"; ma=2592000,h3-Q048=\":443\"; ma=2592000,h3-Q046=\":443\"; ma=2592000,h3-Q043=\":443\"; ma=2592000,h3-T050=\":443\"; ma=2592000","accept-ranges":"none","transfer-encoding":"chunked"}
[info] 
[info] === Deploying to 'marioplan-9bf35'...
[info] 
[info] i  deploying functions
[info] Running command: npm --prefix "$RESOURCE_DIR" run lint
[info] ✔  functions: Finished running predeploy script.
[debug] [2020-04-16T16:37:38.236Z] > [functions] package.json contents: {
  "name": "functions",
  "description": "Cloud Functions for Firebase",
  "scripts": {
    "lint": "eslint .",
    "serve": "firebase emulators:start --only functions",
    "shell": "firebase functions:shell",
    "start": "npm run shell",
    "deploy": "firebase deploy --only functions",
    "logs": "firebase functions:log"
  },
  "engines": {
    "node": "8"
  },
  "dependencies": {
    "firebase-admin": "^8.9.0",
    "firebase-functions": "^3.3.0"
  },
  "devDependencies": {
    "eslint": "^5.12.0",
    "eslint-plugin-promise": "^4.0.1",
    "firebase-functions-test": "^0.1.6"
  },
  "private": true
}
[info] i  functions: ensuring necessary APIs are enabled...
[debug] [2020-04-16T16:37:38.237Z] >>> HTTP REQUEST GET https://serviceusage.googleapis.com/v1/projects/marioplan-9bf35/services/cloudfunctions.googleapis.com  
 
[debug] [2020-04-16T16:37:38.238Z] >>> HTTP REQUEST GET https://serviceusage.googleapis.com/v1/projects/marioplan-9bf35/services/runtimeconfig.googleapis.com  
 
[debug] [2020-04-16T16:37:39.342Z] <<< HTTP RESPONSE 200 {"content-type":"application/json; charset=UTF-8","vary":"X-Origin, Referer, Origin,Accept-Encoding","date":"Thu, 16 Apr 2020 16:37:39 GMT","server":"ESF","cache-control":"private","x-xss-protection":"0","x-frame-options":"SAMEORIGIN","x-content-type-options":"nosniff","alt-svc":"quic=\":443\"; ma=2592000; v=\"46,43\",h3-Q050=\":443\"; ma=2592000,h3-Q049=\":443\"; ma=2592000,h3-Q048=\":443\"; ma=2592000,h3-Q046=\":443\"; ma=2592000,h3-Q043=\":443\"; ma=2592000,h3-T050=\":443\"; ma=2592000","accept-ranges":"none","transfer-encoding":"chunked"}
[debug] [2020-04-16T16:37:39.404Z] <<< HTTP RESPONSE 200 {"content-type":"application/json; charset=UTF-8","vary":"X-Origin, Referer, Origin,Accept-Encoding","date":"Thu, 16 Apr 2020 16:37:39 GMT","server":"ESF","cache-control":"private","x-xss-protection":"0","x-frame-options":"SAMEORIGIN","x-content-type-options":"nosniff","alt-svc":"quic=\":443\"; ma=2592000; v=\"46,43\",h3-Q050=\":443\"; ma=2592000,h3-Q049=\":443\"; ma=2592000,h3-Q048=\":443\"; ma=2592000,h3-Q046=\":443\"; ma=2592000,h3-Q043=\":443\"; ma=2592000,h3-T050=\":443\"; ma=2592000","accept-ranges":"none","transfer-encoding":"chunked"}
[info] ✔  functions: all necessary APIs are enabled
[debug] [2020-04-16T16:37:39.406Z] >>> HTTP REQUEST GET https://firebase.googleapis.com/v1beta1/projects/marioplan-9bf35/adminSdkConfig  
 
[debug] [2020-04-16T16:37:39.852Z] <<< HTTP RESPONSE 200 {"content-type":"application/json; charset=UTF-8","vary":"X-Origin, Referer, Origin,Accept-Encoding","date":"Thu, 16 Apr 2020 16:37:39 GMT","server":"ESF","cache-control":"private","x-xss-protection":"0","x-frame-options":"SAMEORIGIN","x-content-type-options":"nosniff","alt-svc":"quic=\":443\"; ma=2592000; v=\"46,43\",h3-Q050=\":443\"; ma=2592000,h3-Q049=\":443\"; ma=2592000,h3-Q048=\":443\"; ma=2592000,h3-Q046=\":443\"; ma=2592000,h3-Q043=\":443\"; ma=2592000,h3-T050=\":443\"; ma=2592000","accept-ranges":"none","transfer-encoding":"chunked"}
[info] i  functions: preparing functions directory for uploading...
[debug] [2020-04-16T16:37:39.857Z] >>> HTTP REQUEST GET https://runtimeconfig.googleapis.com/v1beta1/projects/marioplan-9bf35/configs  
 
[debug] [2020-04-16T16:37:40.935Z] <<< HTTP RESPONSE 200 {"content-type":"application/json; charset=UTF-8","vary":"X-Origin, Referer, Origin,Accept-Encoding","date":"Thu, 16 Apr 2020 16:37:40 GMT","server":"ESF","cache-control":"private","x-xss-protection":"0","x-frame-options":"SAMEORIGIN","x-content-type-options":"nosniff","alt-svc":"quic=\":443\"; ma=2592000; v=\"46,43\",h3-Q050=\":443\"; ma=2592000,h3-Q049=\":443\"; ma=2592000,h3-Q048=\":443\"; ma=2592000,h3-Q046=\":443\"; ma=2592000,h3-Q043=\":443\"; ma=2592000,h3-T050=\":443\"; ma=2592000","accept-ranges":"none","transfer-encoding":"chunked"}
[info] i  functions: packaged functions (40.96 KB) for uploading
[debug] [2020-04-16T16:37:41.205Z] >>> HTTP REQUEST GET https://cloudfunctions.googleapis.com/v1/projects/marioplan-9bf35/locations/-/functions  
 
[debug] [2020-04-16T16:37:42.031Z] <<< HTTP RESPONSE 200 {"content-type":"application/json; charset=UTF-8","vary":"X-Origin, Referer, Origin,Accept-Encoding","date":"Thu, 16 Apr 2020 16:37:41 GMT","server":"ESF","cache-control":"private","x-xss-protection":"0","x-frame-options":"SAMEORIGIN","x-content-type-options":"nosniff","alt-svc":"quic=\":443\"; ma=2592000; v=\"46,43\",h3-Q050=\":443\"; ma=2592000,h3-Q049=\":443\"; ma=2592000,h3-Q048=\":443\"; ma=2592000,h3-Q046=\":443\"; ma=2592000,h3-Q043=\":443\"; ma=2592000,h3-T050=\":443\"; ma=2592000","accept-ranges":"none","transfer-encoding":"chunked"}
[debug] [2020-04-16T16:37:42.037Z] >>> HTTP REQUEST POST https://cloudfunctions.googleapis.com/v1/projects/marioplan-9bf35/locations/us-central1/functions:generateUploadUrl  
 
[debug] [2020-04-16T16:37:42.989Z] <<< HTTP RESPONSE 200 {"content-type":"application/json; charset=UTF-8","vary":"X-Origin, Referer, Origin,Accept-Encoding","date":"Thu, 16 Apr 2020 16:37:42 GMT","server":"ESF","cache-control":"private","x-xss-protection":"0","x-frame-options":"SAMEORIGIN","x-content-type-options":"nosniff","alt-svc":"quic=\":443\"; ma=2592000; v=\"46,43\",h3-Q050=\":443\"; ma=2592000,h3-Q049=\":443\"; ma=2592000,h3-Q048=\":443\"; ma=2592000,h3-Q046=\":443\"; ma=2592000,h3-Q043=\":443\"; ma=2592000,h3-T050=\":443\"; ma=2592000","accept-ranges":"none","transfer-encoding":"chunked"}
[debug] [2020-04-16T16:37:42.990Z] >>> HTTP REQUEST PUT https://storage.googleapis.com/gcf-upload-us-central1-82e8c053-ac4e-497b-89d3-25f3fbee4140/519d6403-df1b-4f6b-b5a5-80a21eaf4196.zip?GoogleAccessId=service-442604825431@gcf-admin-robot.iam.gserviceaccount.com&Expires=1587056862&Signature=QRCwbH4XpNTtYbFkim58fKNjRdq33%2FjxP9bw%2BrAhWgFODiynj0vl5whG9AX6gx%2BZsGelS9mffCjXMhicA0WTXfmcGZmv2vUT7sMzJncriEO41ThyuFaiCpYbcvhYRWrbXqkZ90SzJ3NwM%2BPa2GAoR%2FpKM9TKW4A9cV1WJbd88PJRFIrVHktzWXWlU8RiJ6E3PBcIWrtHXnHyMMouU7qz%2Bu9ceHv5HozHi%2BSLoYpsT6VD5OBr8r40lolsXk2awKYYb57H7EBtS3g9UwuGD%2BviwhJ4dsjMJv2B5aOVwHMLWcySg8N6hfFPR8cur2Ynx791MEByxgEIajVu3z3agATk%2BA%3D%3D  
 <request body omitted>
[debug] [2020-04-16T16:37:43.757Z] <<< HTTP RESPONSE 200 {"x-guploader-uploadid":"AEnB2Ur6aRxt3IpTWawYQyBg7DdC6knoYYd3ORupyIytVMaj0aXndDxsFNm9R6ydU2Hbrezr_6xgoVGYLm_Jot-_i3uWMl9qcw","etag":"\"9d66fd4313e894781bf2db6c929499c7\"","x-goog-generation":"1587055063607771","x-goog-metageneration":"1","x-goog-hash":"crc32c=8qMVLQ==, md5=nWb9QxPolHgb8ttskpSZxw==","x-goog-stored-content-length":"41940","x-goog-stored-content-encoding":"identity","vary":"Origin","content-length":"0","date":"Thu, 16 Apr 2020 16:37:43 GMT","server":"UploadServer","content-type":"text/html; charset=UTF-8","alt-svc":"quic=\":443\"; ma=2592000; v=\"46,43\",h3-Q050=\":443\"; ma=2592000,h3-Q049=\":443\"; ma=2592000,h3-Q048=\":443\"; ma=2592000,h3-Q046=\":443\"; ma=2592000,h3-Q043=\":443\"; ma=2592000,h3-T050=\":443\"; ma=2592000"}
[info] ✔  functions: functions folder uploaded successfully
[info] i  functions: updating Node.js 8 function helloWorld(us-central1)...
[debug] [2020-04-16T16:37:43.762Z] Trigger is:  {"httpsTrigger":{}}
[info] i  functions: updating Node.js 8 function projectCreated(us-central1)...
[debug] [2020-04-16T16:37:43.763Z] Trigger is:  {"eventTrigger":{"resource":"projects/marioplan-9bf35/databases/(default)/documents/projects/{projectId}","eventType":"providers/cloud.firestore/eventTypes/document.create","service":"firestore.googleapis.com"}}
[info] i  functions: updating Node.js 8 function userJoined(us-central1)...
[debug] [2020-04-16T16:37:43.764Z] Trigger is:  {"eventTrigger":{"resource":"projects/marioplan-9bf35","eventType":"providers/firebase.auth/eventTypes/user.create","service":"firebaseauth.googleapis.com"}}
[debug] [2020-04-16T16:37:43.766Z] >>> HTTP REQUEST GET https://serviceusage.googleapis.com/v1/projects/marioplan-9bf35/services/cloudscheduler.googleapis.com  
 
[debug] [2020-04-16T16:37:45.127Z] <<< HTTP RESPONSE 200 {"content-type":"application/json; charset=UTF-8","vary":"X-Origin, Referer, Origin,Accept-Encoding","date":"Thu, 16 Apr 2020 16:37:44 GMT","server":"ESF","cache-control":"private","x-xss-protection":"0","x-frame-options":"SAMEORIGIN","x-content-type-options":"nosniff","alt-svc":"quic=\":443\"; ma=2592000; v=\"46,43\",h3-Q050=\":443\"; ma=2592000,h3-Q049=\":443\"; ma=2592000,h3-Q048=\":443\"; ma=2592000,h3-Q046=\":443\"; ma=2592000,h3-Q043=\":443\"; ma=2592000,h3-T050=\":443\"; ma=2592000","accept-ranges":"none","transfer-encoding":"chunked"}
[debug] [2020-04-16T16:37:45.131Z] >>> HTTP REQUEST PATCH https://cloudfunctions.googleapis.com/v1/projects/marioplan-9bf35/locations/us-central1/functions/helloWorld {"updateMask":"sourceUploadUrl,name,labels,runtime,httpsTrigger"} 
 {"sourceUploadUrl":"https://storage.googleapis.com/gcf-upload-us-central1-82e8c053-ac4e-497b-89d3-25f3fbee4140/519d6403-df1b-4f6b-b5a5-80a21eaf4196.zip?GoogleAccessId=service-442604825431@gcf-admin-robot.iam.gserviceaccount.com&Expires=1587056862&Signature=QRCwbH4XpNTtYbFkim58fKNjRdq33%2FjxP9bw%2BrAhWgFODiynj0vl5whG9AX6gx%2BZsGelS9mffCjXMhicA0WTXfmcGZmv2vUT7sMzJncriEO41ThyuFaiCpYbcvhYRWrbXqkZ90SzJ3NwM%2BPa2GAoR%2FpKM9TKW4A9cV1WJbd88PJRFIrVHktzWXWlU8RiJ6E3PBcIWrtHXnHyMMouU7qz%2Bu9ceHv5HozHi%2BSLoYpsT6VD5OBr8r40lolsXk2awKYYb57H7EBtS3g9UwuGD%2BviwhJ4dsjMJv2B5aOVwHMLWcySg8N6hfFPR8cur2Ynx791MEByxgEIajVu3z3agATk%2BA%3D%3D","name":"projects/marioplan-9bf35/locations/us-central1/functions/helloWorld","labels":{"deployment-tool":"cli-firebase"},"httpsTrigger":{},"runtime":"nodejs8"}
[debug] [2020-04-16T16:37:45.132Z] >>> HTTP REQUEST PATCH https://cloudfunctions.googleapis.com/v1/projects/marioplan-9bf35/locations/us-central1/functions/projectCreated {"updateMask":"sourceUploadUrl,name,labels,runtime,eventTrigger.resource,eventTrigger.eventType,eventTrigger.service"} 
 {"sourceUploadUrl":"https://storage.googleapis.com/gcf-upload-us-central1-82e8c053-ac4e-497b-89d3-25f3fbee4140/519d6403-df1b-4f6b-b5a5-80a21eaf4196.zip?GoogleAccessId=service-442604825431@gcf-admin-robot.iam.gserviceaccount.com&Expires=1587056862&Signature=QRCwbH4XpNTtYbFkim58fKNjRdq33%2FjxP9bw%2BrAhWgFODiynj0vl5whG9AX6gx%2BZsGelS9mffCjXMhicA0WTXfmcGZmv2vUT7sMzJncriEO41ThyuFaiCpYbcvhYRWrbXqkZ90SzJ3NwM%2BPa2GAoR%2FpKM9TKW4A9cV1WJbd88PJRFIrVHktzWXWlU8RiJ6E3PBcIWrtHXnHyMMouU7qz%2Bu9ceHv5HozHi%2BSLoYpsT6VD5OBr8r40lolsXk2awKYYb57H7EBtS3g9UwuGD%2BviwhJ4dsjMJv2B5aOVwHMLWcySg8N6hfFPR8cur2Ynx791MEByxgEIajVu3z3agATk%2BA%3D%3D","name":"projects/marioplan-9bf35/locations/us-central1/functions/projectCreated","labels":{"deployment-tool":"cli-firebase"},"eventTrigger":{"resource":"projects/marioplan-9bf35/databases/(default)/documents/projects/{projectId}","eventType":"providers/cloud.firestore/eventTypes/document.create","service":"firestore.googleapis.com"},"runtime":"nodejs8"}
[debug] [2020-04-16T16:37:45.133Z] >>> HTTP REQUEST PATCH https://cloudfunctions.googleapis.com/v1/projects/marioplan-9bf35/locations/us-central1/functions/userJoined {"updateMask":"sourceUploadUrl,name,labels,runtime,eventTrigger.resource,eventTrigger.eventType,eventTrigger.service"} 
 {"sourceUploadUrl":"https://storage.googleapis.com/gcf-upload-us-central1-82e8c053-ac4e-497b-89d3-25f3fbee4140/519d6403-df1b-4f6b-b5a5-80a21eaf4196.zip?GoogleAccessId=service-442604825431@gcf-admin-robot.iam.gserviceaccount.com&Expires=1587056862&Signature=QRCwbH4XpNTtYbFkim58fKNjRdq33%2FjxP9bw%2BrAhWgFODiynj0vl5whG9AX6gx%2BZsGelS9mffCjXMhicA0WTXfmcGZmv2vUT7sMzJncriEO41ThyuFaiCpYbcvhYRWrbXqkZ90SzJ3NwM%2BPa2GAoR%2FpKM9TKW4A9cV1WJbd88PJRFIrVHktzWXWlU8RiJ6E3PBcIWrtHXnHyMMouU7qz%2Bu9ceHv5HozHi%2BSLoYpsT6VD5OBr8r40lolsXk2awKYYb57H7EBtS3g9UwuGD%2BviwhJ4dsjMJv2B5aOVwHMLWcySg8N6hfFPR8cur2Ynx791MEByxgEIajVu3z3agATk%2BA%3D%3D","name":"projects/marioplan-9bf35/locations/us-central1/functions/userJoined","labels":{"deployment-tool":"cli-firebase"},"eventTrigger":{"resource":"projects/marioplan-9bf35","eventType":"providers/firebase.auth/eventTypes/user.create","service":"firebaseauth.googleapis.com"},"runtime":"nodejs8"}
[debug] [2020-04-16T16:37:45.903Z] <<< HTTP RESPONSE 200 {"content-type":"application/json; charset=UTF-8","vary":"X-Origin, Referer, Origin,Accept-Encoding","date":"Thu, 16 Apr 2020 16:37:45 GMT","server":"ESF","cache-control":"private","x-xss-protection":"0","x-frame-options":"SAMEORIGIN","x-content-type-options":"nosniff","alt-svc":"quic=\":443\"; ma=2592000; v=\"46,43\",h3-Q050=\":443\"; ma=2592000,h3-Q049=\":443\"; ma=2592000,h3-Q048=\":443\"; ma=2592000,h3-Q046=\":443\"; ma=2592000,h3-Q043=\":443\"; ma=2592000,h3-T050=\":443\"; ma=2592000","accept-ranges":"none","transfer-encoding":"chunked"}
[debug] [2020-04-16T16:37:45.906Z] <<< HTTP RESPONSE 200 {"content-type":"application/json; charset=UTF-8","vary":"X-Origin, Referer, Origin,Accept-Encoding","date":"Thu, 16 Apr 2020 16:37:45 GMT","server":"ESF","cache-control":"private","x-xss-protection":"0","x-frame-options":"SAMEORIGIN","x-content-type-options":"nosniff","alt-svc":"quic=\":443\"; ma=2592000; v=\"46,43\",h3-Q050=\":443\"; ma=2592000,h3-Q049=\":443\"; ma=2592000,h3-Q048=\":443\"; ma=2592000,h3-Q046=\":443\"; ma=2592000,h3-Q043=\":443\"; ma=2592000,h3-T050=\":443\"; ma=2592000","accept-ranges":"none","transfer-encoding":"chunked"}
[debug] [2020-04-16T16:37:45.908Z] <<< HTTP RESPONSE 200 {"content-type":"application/json; charset=UTF-8","vary":"X-Origin, Referer, Origin,Accept-Encoding","date":"Thu, 16 Apr 2020 16:37:45 GMT","server":"ESF","cache-control":"private","x-xss-protection":"0","x-frame-options":"SAMEORIGIN","x-content-type-options":"nosniff","alt-svc":"quic=\":443\"; ma=2592000; v=\"46,43\",h3-Q050=\":443\"; ma=2592000,h3-Q049=\":443\"; ma=2592000,h3-Q048=\":443\"; ma=2592000,h3-Q046=\":443\"; ma=2592000,h3-Q043=\":443\"; ma=2592000,h3-T050=\":443\"; ma=2592000","accept-ranges":"none","transfer-encoding":"chunked"}
[debug] [2020-04-16T16:37:45.910Z] >>> HTTP REQUEST GET https://cloudfunctions.googleapis.com/v1/projects/marioplan-9bf35/locations/-/functions  
 
[debug] [2020-04-16T16:37:46.439Z] <<< HTTP RESPONSE 200 {"content-type":"application/json; charset=UTF-8","vary":"X-Origin, Referer, Origin,Accept-Encoding","date":"Thu, 16 Apr 2020 16:37:46 GMT","server":"ESF","cache-control":"private","x-xss-protection":"0","x-frame-options":"SAMEORIGIN","x-content-type-options":"nosniff","alt-svc":"quic=\":443\"; ma=2592000; v=\"46,43\",h3-Q050=\":443\"; ma=2592000,h3-Q049=\":443\"; ma=2592000,h3-Q048=\":443\"; ma=2592000,h3-Q046=\":443\"; ma=2592000,h3-Q043=\":443\"; ma=2592000,h3-T050=\":443\"; ma=2592000","accept-ranges":"none","transfer-encoding":"chunked"}
[debug] [2020-04-16T16:37:46.440Z] >>> HTTP REQUEST GET https://cloudfunctions.googleapis.com/v1/operations/bWFyaW9wbGFuLTliZjM1L3VzLWNlbnRyYWwxL2hlbGxvV29ybGQvcHJ0NGlITlZTVlE  
 
[debug] [2020-04-16T16:37:46.440Z] >>> HTTP REQUEST GET https://cloudfunctions.googleapis.com/v1/operations/bWFyaW9wbGFuLTliZjM1L3VzLWNlbnRyYWwxL3Byb2plY3RDcmVhdGVkL2s5VzB3cHBENTFZ  
 
[debug] [2020-04-16T16:37:46.440Z] >>> HTTP REQUEST GET https://cloudfunctions.googleapis.com/v1/operations/bWFyaW9wbGFuLTliZjM1L3VzLWNlbnRyYWwxL3VzZXJKb2luZWQvSUw1SnZRZVZXYjQ  
 
[debug] [2020-04-16T16:37:46.804Z] <<< HTTP RESPONSE 200 {"content-type":"application/json; charset=UTF-8","vary":"X-Origin, Referer, Origin,Accept-Encoding","date":"Thu, 16 Apr 2020 16:37:46 GMT","server":"ESF","cache-control":"private","x-xss-protection":"0","x-frame-options":"SAMEORIGIN","x-content-type-options":"nosniff","alt-svc":"quic=\":443\"; ma=2592000; v=\"46,43\",h3-Q050=\":443\"; ma=2592000,h3-Q049=\":443\"; ma=2592000,h3-Q048=\":443\"; ma=2592000,h3-Q046=\":443\"; ma=2592000,h3-Q043=\":443\"; ma=2592000,h3-T050=\":443\"; ma=2592000","accept-ranges":"none","transfer-encoding":"chunked"}
[debug] [2020-04-16T16:37:46.825Z] <<< HTTP RESPONSE 200 {"content-type":"application/json; charset=UTF-8","vary":"X-Origin, Referer, Origin,Accept-Encoding","date":"Thu, 16 Apr 2020 16:37:46 GMT","server":"ESF","cache-control":"private","x-xss-protection":"0","x-frame-options":"SAMEORIGIN","x-content-type-options":"nosniff","alt-svc":"quic=\":443\"; ma=2592000; v=\"46,43\",h3-Q050=\":443\"; ma=2592000,h3-Q049=\":443\"; ma=2592000,h3-Q048=\":443\"; ma=2592000,h3-Q046=\":443\"; ma=2592000,h3-Q043=\":443\"; ma=2592000,h3-T050=\":443\"; ma=2592000","accept-ranges":"none","transfer-encoding":"chunked"}
[debug] [2020-04-16T16:37:46.885Z] <<< HTTP RESPONSE 200 {"content-type":"application/json; charset=UTF-8","vary":"X-Origin, Referer, Origin,Accept-Encoding","date":"Thu, 16 Apr 2020 16:37:46 GMT","server":"ESF","cache-control":"private","x-xss-protection":"0","x-frame-options":"SAMEORIGIN","x-content-type-options":"nosniff","alt-svc":"quic=\":443\"; ma=2592000; v=\"46,43\",h3-Q050=\":443\"; ma=2592000,h3-Q049=\":443\"; ma=2592000,h3-Q048=\":443\"; ma=2592000,h3-Q046=\":443\"; ma=2592000,h3-Q043=\":443\"; ma=2592000,h3-T050=\":443\"; ma=2592000","accept-ranges":"none","transfer-encoding":"chunked"}
[debug] [2020-04-16T16:37:48.808Z] >>> HTTP REQUEST GET https://cloudfunctions.googleapis.com/v1/operations/bWFyaW9wbGFuLTliZjM1L3VzLWNlbnRyYWwxL3Byb2plY3RDcmVhdGVkL2s5VzB3cHBENTFZ  
 
[debug] [2020-04-16T16:37:48.830Z] >>> HTTP REQUEST GET https://cloudfunctions.googleapis.com/v1/operations/bWFyaW9wbGFuLTliZjM1L3VzLWNlbnRyYWwxL2hlbGxvV29ybGQvcHJ0NGlITlZTVlE  
 
[debug] [2020-04-16T16:37:48.889Z] >>> HTTP REQUEST GET https://cloudfunctions.googleapis.com/v1/operations/bWFyaW9wbGFuLTliZjM1L3VzLWNlbnRyYWwxL3VzZXJKb2luZWQvSUw1SnZRZVZXYjQ  
 
[debug] [2020-04-16T16:37:49.229Z] <<< HTTP RESPONSE 200 {"content-type":"application/json; charset=UTF-8","vary":"X-Origin, Referer, Origin,Accept-Encoding","date":"Thu, 16 Apr 2020 16:37:49 GMT","server":"ESF","cache-control":"private","x-xss-protection":"0","x-frame-options":"SAMEORIGIN","x-content-type-options":"nosniff","alt-svc":"quic=\":443\"; ma=2592000; v=\"46,43\",h3-Q050=\":443\"; ma=2592000,h3-Q049=\":443\"; ma=2592000,h3-Q048=\":443\"; ma=2592000,h3-Q046=\":443\"; ma=2592000,h3-Q043=\":443\"; ma=2592000,h3-T050=\":443\"; ma=2592000","accept-ranges":"none","transfer-encoding":"chunked"}
[debug] [2020-04-16T16:37:49.233Z] <<< HTTP RESPONSE 200 {"content-type":"application/json; charset=UTF-8","vary":"X-Origin, Referer, Origin,Accept-Encoding","date":"Thu, 16 Apr 2020 16:37:49 GMT","server":"ESF","cache-control":"private","x-xss-protection":"0","x-frame-options":"SAMEORIGIN","x-content-type-options":"nosniff","alt-svc":"quic=\":443\"; ma=2592000; v=\"46,43\",h3-Q050=\":443\"; ma=2592000,h3-Q049=\":443\"; ma=2592000,h3-Q048=\":443\"; ma=2592000,h3-Q046=\":443\"; ma=2592000,h3-Q043=\":443\"; ma=2592000,h3-T050=\":443\"; ma=2592000","accept-ranges":"none","transfer-encoding":"chunked"}
[debug] [2020-04-16T16:37:49.292Z] <<< HTTP RESPONSE 200 {"content-type":"application/json; charset=UTF-8","vary":"X-Origin, Referer, Origin,Accept-Encoding","date":"Thu, 16 Apr 2020 16:37:49 GMT","server":"ESF","cache-control":"private","x-xss-protection":"0","x-frame-options":"SAMEORIGIN","x-content-type-options":"nosniff","alt-svc":"quic=\":443\"; ma=2592000; v=\"46,43\",h3-Q050=\":443\"; ma=2592000,h3-Q049=\":443\"; ma=2592000,h3-Q048=\":443\"; ma=2592000,h3-Q046=\":443\"; ma=2592000,h3-Q043=\":443\"; ma=2592000,h3-T050=\":443\"; ma=2592000","accept-ranges":"none","transfer-encoding":"chunked"}
[debug] [2020-04-16T16:37:51.239Z] >>> HTTP REQUEST GET https://cloudfunctions.googleapis.com/v1/operations/bWFyaW9wbGFuLTliZjM1L3VzLWNlbnRyYWwxL2hlbGxvV29ybGQvcHJ0NGlITlZTVlE  
 
[debug] [2020-04-16T16:37:51.240Z] >>> HTTP REQUEST GET https://cloudfunctions.googleapis.com/v1/operations/bWFyaW9wbGFuLTliZjM1L3VzLWNlbnRyYWwxL3Byb2plY3RDcmVhdGVkL2s5VzB3cHBENTFZ  
 
[debug] [2020-04-16T16:37:51.299Z] >>> HTTP REQUEST GET https://cloudfunctions.googleapis.com/v1/operations/bWFyaW9wbGFuLTliZjM1L3VzLWNlbnRyYWwxL3VzZXJKb2luZWQvSUw1SnZRZVZXYjQ  
 
[debug] [2020-04-16T16:37:51.789Z] <<< HTTP RESPONSE 200 {"content-type":"application/json; charset=UTF-8","vary":"X-Origin, Referer, Origin,Accept-Encoding","date":"Thu, 16 Apr 2020 16:37:51 GMT","server":"ESF","cache-control":"private","x-xss-protection":"0","x-frame-options":"SAMEORIGIN","x-content-type-options":"nosniff","alt-svc":"quic=\":443\"; ma=2592000; v=\"46,43\",h3-Q050=\":443\"; ma=2592000,h3-Q049=\":443\"; ma=2592000,h3-Q048=\":443\"; ma=2592000,h3-Q046=\":443\"; ma=2592000,h3-Q043=\":443\"; ma=2592000,h3-T050=\":443\"; ma=2592000","accept-ranges":"none","transfer-encoding":"chunked"}
[debug] [2020-04-16T16:37:51.791Z] <<< HTTP RESPONSE 200 {"content-type":"application/json; charset=UTF-8","vary":"X-Origin, Referer, Origin,Accept-Encoding","date":"Thu, 16 Apr 2020 16:37:51 GMT","server":"ESF","cache-control":"private","x-xss-protection":"0","x-frame-options":"SAMEORIGIN","x-content-type-options":"nosniff","alt-svc":"quic=\":443\"; ma=2592000; v=\"46,43\",h3-Q050=\":443\"; ma=2592000,h3-Q049=\":443\"; ma=2592000,h3-Q048=\":443\"; ma=2592000,h3-Q046=\":443\"; ma=2592000,h3-Q043=\":443\"; ma=2592000,h3-T050=\":443\"; ma=2592000","accept-ranges":"none","transfer-encoding":"chunked"}
[debug] [2020-04-16T16:37:51.793Z] <<< HTTP RESPONSE 200 {"content-type":"application/json; charset=UTF-8","vary":"X-Origin, Referer, Origin,Accept-Encoding","date":"Thu, 16 Apr 2020 16:37:51 GMT","server":"ESF","cache-control":"private","x-xss-protection":"0","x-frame-options":"SAMEORIGIN","x-content-type-options":"nosniff","alt-svc":"quic=\":443\"; ma=2592000; v=\"46,43\",h3-Q050=\":443\"; ma=2592000,h3-Q049=\":443\"; ma=2592000,h3-Q048=\":443\"; ma=2592000,h3-Q046=\":443\"; ma=2592000,h3-Q043=\":443\"; ma=2592000,h3-T050=\":443\"; ma=2592000","accept-ranges":"none","transfer-encoding":"chunked"}
[debug] [2020-04-16T16:37:53.790Z] >>> HTTP REQUEST GET https://cloudfunctions.googleapis.com/v1/operations/bWFyaW9wbGFuLTliZjM1L3VzLWNlbnRyYWwxL2hlbGxvV29ybGQvcHJ0NGlITlZTVlE  
 
[debug] [2020-04-16T16:37:53.792Z] >>> HTTP REQUEST GET https://cloudfunctions.googleapis.com/v1/operations/bWFyaW9wbGFuLTliZjM1L3VzLWNlbnRyYWwxL3Byb2plY3RDcmVhdGVkL2s5VzB3cHBENTFZ  
 
[debug] [2020-04-16T16:37:53.793Z] >>> HTTP REQUEST GET https://cloudfunctions.googleapis.com/v1/operations/bWFyaW9wbGFuLTliZjM1L3VzLWNlbnRyYWwxL3VzZXJKb2luZWQvSUw1SnZRZVZXYjQ  
 
[debug] [2020-04-16T16:37:54.157Z] <<< HTTP RESPONSE 200 {"content-type":"application/json; charset=UTF-8","vary":"X-Origin, Referer, Origin,Accept-Encoding","date":"Thu, 16 Apr 2020 16:37:54 GMT","server":"ESF","cache-control":"private","x-xss-protection":"0","x-frame-options":"SAMEORIGIN","x-content-type-options":"nosniff","alt-svc":"quic=\":443\"; ma=2592000; v=\"46,43\",h3-Q050=\":443\"; ma=2592000,h3-Q049=\":443\"; ma=2592000,h3-Q048=\":443\"; ma=2592000,h3-Q046=\":443\"; ma=2592000,h3-Q043=\":443\"; ma=2592000,h3-T050=\":443\"; ma=2592000","accept-ranges":"none","transfer-encoding":"chunked"}
[debug] [2020-04-16T16:37:54.161Z] <<< HTTP RESPONSE 200 {"content-type":"application/json; charset=UTF-8","vary":"X-Origin, Referer, Origin,Accept-Encoding","date":"Thu, 16 Apr 2020 16:37:54 GMT","server":"ESF","cache-control":"private","x-xss-protection":"0","x-frame-options":"SAMEORIGIN","x-content-type-options":"nosniff","alt-svc":"quic=\":443\"; ma=2592000; v=\"46,43\",h3-Q050=\":443\"; ma=2592000,h3-Q049=\":443\"; ma=2592000,h3-Q048=\":443\"; ma=2592000,h3-Q046=\":443\"; ma=2592000,h3-Q043=\":443\"; ma=2592000,h3-T050=\":443\"; ma=2592000","accept-ranges":"none","transfer-encoding":"chunked"}
[debug] [2020-04-16T16:37:54.210Z] <<< HTTP RESPONSE 200 {"content-type":"application/json; charset=UTF-8","vary":"X-Origin, Referer, Origin,Accept-Encoding","date":"Thu, 16 Apr 2020 16:37:54 GMT","server":"ESF","cache-control":"private","x-xss-protection":"0","x-frame-options":"SAMEORIGIN","x-content-type-options":"nosniff","alt-svc":"quic=\":443\"; ma=2592000; v=\"46,43\",h3-Q050=\":443\"; ma=2592000,h3-Q049=\":443\"; ma=2592000,h3-Q048=\":443\"; ma=2592000,h3-Q046=\":443\"; ma=2592000,h3-Q043=\":443\"; ma=2592000,h3-T050=\":443\"; ma=2592000","accept-ranges":"none","transfer-encoding":"chunked"}
[debug] [2020-04-16T16:37:56.162Z] >>> HTTP REQUEST GET https://cloudfunctions.googleapis.com/v1/operations/bWFyaW9wbGFuLTliZjM1L3VzLWNlbnRyYWwxL2hlbGxvV29ybGQvcHJ0NGlITlZTVlE  
 
[debug] [2020-04-16T16:37:56.166Z] >>> HTTP REQUEST GET https://cloudfunctions.googleapis.com/v1/operations/bWFyaW9wbGFuLTliZjM1L3VzLWNlbnRyYWwxL3Byb2plY3RDcmVhdGVkL2s5VzB3cHBENTFZ  
 
[debug] [2020-04-16T16:37:56.215Z] >>> HTTP REQUEST GET https://cloudfunctions.googleapis.com/v1/operations/bWFyaW9wbGFuLTliZjM1L3VzLWNlbnRyYWwxL3VzZXJKb2luZWQvSUw1SnZRZVZXYjQ  
 
[debug] [2020-04-16T16:37:56.564Z] <<< HTTP RESPONSE 200 {"content-type":"application/json; charset=UTF-8","vary":"X-Origin, Referer, Origin,Accept-Encoding","date":"Thu, 16 Apr 2020 16:37:56 GMT","server":"ESF","cache-control":"private","x-xss-protection":"0","x-frame-options":"SAMEORIGIN","x-content-type-options":"nosniff","alt-svc":"quic=\":443\"; ma=2592000; v=\"46,43\",h3-Q050=\":443\"; ma=2592000,h3-Q049=\":443\"; ma=2592000,h3-Q048=\":443\"; ma=2592000,h3-Q046=\":443\"; ma=2592000,h3-Q043=\":443\"; ma=2592000,h3-T050=\":443\"; ma=2592000","accept-ranges":"none","transfer-encoding":"chunked"}
[debug] [2020-04-16T16:37:56.566Z] <<< HTTP RESPONSE 200 {"content-type":"application/json; charset=UTF-8","vary":"X-Origin, Referer, Origin,Accept-Encoding","date":"Thu, 16 Apr 2020 16:37:56 GMT","server":"ESF","cache-control":"private","x-xss-protection":"0","x-frame-options":"SAMEORIGIN","x-content-type-options":"nosniff","alt-svc":"quic=\":443\"; ma=2592000; v=\"46,43\",h3-Q050=\":443\"; ma=2592000,h3-Q049=\":443\"; ma=2592000,h3-Q048=\":443\"; ma=2592000,h3-Q046=\":443\"; ma=2592000,h3-Q043=\":443\"; ma=2592000,h3-T050=\":443\"; ma=2592000","accept-ranges":"none","transfer-encoding":"chunked"}
[debug] [2020-04-16T16:37:56.581Z] <<< HTTP RESPONSE 200 {"content-type":"application/json; charset=UTF-8","vary":"X-Origin, Referer, Origin,Accept-Encoding","date":"Thu, 16 Apr 2020 16:37:56 GMT","server":"ESF","cache-control":"private","x-xss-protection":"0","x-frame-options":"SAMEORIGIN","x-content-type-options":"nosniff","alt-svc":"quic=\":443\"; ma=2592000; v=\"46,43\",h3-Q050=\":443\"; ma=2592000,h3-Q049=\":443\"; ma=2592000,h3-Q048=\":443\"; ma=2592000,h3-Q046=\":443\"; ma=2592000,h3-Q043=\":443\"; ma=2592000,h3-T050=\":443\"; ma=2592000","accept-ranges":"none","transfer-encoding":"chunked"}
[debug] [2020-04-16T16:37:58.566Z] >>> HTTP REQUEST GET https://cloudfunctions.googleapis.com/v1/operations/bWFyaW9wbGFuLTliZjM1L3VzLWNlbnRyYWwxL2hlbGxvV29ybGQvcHJ0NGlITlZTVlE  
 
[debug] [2020-04-16T16:37:58.569Z] >>> HTTP REQUEST GET https://cloudfunctions.googleapis.com/v1/operations/bWFyaW9wbGFuLTliZjM1L3VzLWNlbnRyYWwxL3Byb2plY3RDcmVhdGVkL2s5VzB3cHBENTFZ  
 
[debug] [2020-04-16T16:37:58.582Z] >>> HTTP REQUEST GET https://cloudfunctions.googleapis.com/v1/operations/bWFyaW9wbGFuLTliZjM1L3VzLWNlbnRyYWwxL3VzZXJKb2luZWQvSUw1SnZRZVZXYjQ  
 
[debug] [2020-04-16T16:37:59.008Z] <<< HTTP RESPONSE 200 {"content-type":"application/json; charset=UTF-8","vary":"X-Origin, Referer, Origin,Accept-Encoding","date":"Thu, 16 Apr 2020 16:37:58 GMT","server":"ESF","cache-control":"private","x-xss-protection":"0","x-frame-options":"SAMEORIGIN","x-content-type-options":"nosniff","alt-svc":"quic=\":443\"; ma=2592000; v=\"46,43\",h3-Q050=\":443\"; ma=2592000,h3-Q049=\":443\"; ma=2592000,h3-Q048=\":443\"; ma=2592000,h3-Q046=\":443\"; ma=2592000,h3-Q043=\":443\"; ma=2592000,h3-T050=\":443\"; ma=2592000","accept-ranges":"none","transfer-encoding":"chunked"}
[debug] [2020-04-16T16:37:59.010Z] <<< HTTP RESPONSE 200 {"content-type":"application/json; charset=UTF-8","vary":"X-Origin, Referer, Origin,Accept-Encoding","date":"Thu, 16 Apr 2020 16:37:58 GMT","server":"ESF","cache-control":"private","x-xss-protection":"0","x-frame-options":"SAMEORIGIN","x-content-type-options":"nosniff","alt-svc":"quic=\":443\"; ma=2592000; v=\"46,43\",h3-Q050=\":443\"; ma=2592000,h3-Q049=\":443\"; ma=2592000,h3-Q048=\":443\"; ma=2592000,h3-Q046=\":443\"; ma=2592000,h3-Q043=\":443\"; ma=2592000,h3-T050=\":443\"; ma=2592000","accept-ranges":"none","transfer-encoding":"chunked"}
[debug] [2020-04-16T16:37:59.012Z] <<< HTTP RESPONSE 200 {"content-type":"application/json; charset=UTF-8","vary":"X-Origin, Referer, Origin,Accept-Encoding","date":"Thu, 16 Apr 2020 16:37:58 GMT","server":"ESF","cache-control":"private","x-xss-protection":"0","x-frame-options":"SAMEORIGIN","x-content-type-options":"nosniff","alt-svc":"quic=\":443\"; ma=2592000; v=\"46,43\",h3-Q050=\":443\"; ma=2592000,h3-Q049=\":443\"; ma=2592000,h3-Q048=\":443\"; ma=2592000,h3-Q046=\":443\"; ma=2592000,h3-Q043=\":443\"; ma=2592000,h3-T050=\":443\"; ma=2592000","accept-ranges":"none","transfer-encoding":"chunked"}
[debug] [2020-04-16T16:38:01.014Z] >>> HTTP REQUEST GET https://cloudfunctions.googleapis.com/v1/operations/bWFyaW9wbGFuLTliZjM1L3VzLWNlbnRyYWwxL3VzZXJKb2luZWQvSUw1SnZRZVZXYjQ  
 
[debug] [2020-04-16T16:38:01.015Z] >>> HTTP REQUEST GET https://cloudfunctions.googleapis.com/v1/operations/bWFyaW9wbGFuLTliZjM1L3VzLWNlbnRyYWwxL3Byb2plY3RDcmVhdGVkL2s5VzB3cHBENTFZ  
 
[debug] [2020-04-16T16:38:01.015Z] >>> HTTP REQUEST GET https://cloudfunctions.googleapis.com/v1/operations/bWFyaW9wbGFuLTliZjM1L3VzLWNlbnRyYWwxL2hlbGxvV29ybGQvcHJ0NGlITlZTVlE  
 
[debug] [2020-04-16T16:38:01.391Z] <<< HTTP RESPONSE 200 {"content-type":"application/json; charset=UTF-8","vary":"X-Origin, Referer, Origin,Accept-Encoding","date":"Thu, 16 Apr 2020 16:38:01 GMT","server":"ESF","cache-control":"private","x-xss-protection":"0","x-frame-options":"SAMEORIGIN","x-content-type-options":"nosniff","alt-svc":"quic=\":443\"; ma=2592000; v=\"46,43\",h3-Q050=\":443\"; ma=2592000,h3-Q049=\":443\"; ma=2592000,h3-Q048=\":443\"; ma=2592000,h3-Q046=\":443\"; ma=2592000,h3-Q043=\":443\"; ma=2592000,h3-T050=\":443\"; ma=2592000","accept-ranges":"none","transfer-encoding":"chunked"}
[debug] [2020-04-16T16:38:01.392Z] <<< HTTP RESPONSE 200 {"content-type":"application/json; charset=UTF-8","vary":"X-Origin, Referer, Origin,Accept-Encoding","date":"Thu, 16 Apr 2020 16:38:01 GMT","server":"ESF","cache-control":"private","x-xss-protection":"0","x-frame-options":"SAMEORIGIN","x-content-type-options":"nosniff","alt-svc":"quic=\":443\"; ma=2592000; v=\"46,43\",h3-Q050=\":443\"; ma=2592000,h3-Q049=\":443\"; ma=2592000,h3-Q048=\":443\"; ma=2592000,h3-Q046=\":443\"; ma=2592000,h3-Q043=\":443\"; ma=2592000,h3-T050=\":443\"; ma=2592000","accept-ranges":"none","transfer-encoding":"chunked"}
[debug] [2020-04-16T16:38:01.393Z] <<< HTTP RESPONSE 200 {"content-type":"application/json; charset=UTF-8","vary":"X-Origin, Referer, Origin,Accept-Encoding","date":"Thu, 16 Apr 2020 16:38:01 GMT","server":"ESF","cache-control":"private","x-xss-protection":"0","x-frame-options":"SAMEORIGIN","x-content-type-options":"nosniff","alt-svc":"quic=\":443\"; ma=2592000; v=\"46,43\",h3-Q050=\":443\"; ma=2592000,h3-Q049=\":443\"; ma=2592000,h3-Q048=\":443\"; ma=2592000,h3-Q046=\":443\"; ma=2592000,h3-Q043=\":443\"; ma=2592000,h3-T050=\":443\"; ma=2592000","accept-ranges":"none","transfer-encoding":"chunked"}
[debug] [2020-04-16T16:38:03.394Z] >>> HTTP REQUEST GET https://cloudfunctions.googleapis.com/v1/operations/bWFyaW9wbGFuLTliZjM1L3VzLWNlbnRyYWwxL3Byb2plY3RDcmVhdGVkL2s5VzB3cHBENTFZ  
 
[debug] [2020-04-16T16:38:03.395Z] >>> HTTP REQUEST GET https://cloudfunctions.googleapis.com/v1/operations/bWFyaW9wbGFuLTliZjM1L3VzLWNlbnRyYWwxL2hlbGxvV29ybGQvcHJ0NGlITlZTVlE  
 
[debug] [2020-04-16T16:38:03.396Z] >>> HTTP REQUEST GET https://cloudfunctions.googleapis.com/v1/operations/bWFyaW9wbGFuLTliZjM1L3VzLWNlbnRyYWwxL3VzZXJKb2luZWQvSUw1SnZRZVZXYjQ  
 
[debug] [2020-04-16T16:38:03.823Z] <<< HTTP RESPONSE 200 {"content-type":"application/json; charset=UTF-8","vary":"X-Origin, Referer, Origin,Accept-Encoding","date":"Thu, 16 Apr 2020 16:38:03 GMT","server":"ESF","cache-control":"private","x-xss-protection":"0","x-frame-options":"SAMEORIGIN","x-content-type-options":"nosniff","alt-svc":"quic=\":443\"; ma=2592000; v=\"46,43\",h3-Q050=\":443\"; ma=2592000,h3-Q049=\":443\"; ma=2592000,h3-Q048=\":443\"; ma=2592000,h3-Q046=\":443\"; ma=2592000,h3-Q043=\":443\"; ma=2592000,h3-T050=\":443\"; ma=2592000","accept-ranges":"none","transfer-encoding":"chunked"}
[debug] [2020-04-16T16:38:03.825Z] <<< HTTP RESPONSE 200 {"content-type":"application/json; charset=UTF-8","vary":"X-Origin, Referer, Origin,Accept-Encoding","date":"Thu, 16 Apr 2020 16:38:03 GMT","server":"ESF","cache-control":"private","x-xss-protection":"0","x-frame-options":"SAMEORIGIN","x-content-type-options":"nosniff","alt-svc":"quic=\":443\"; ma=2592000; v=\"46,43\",h3-Q050=\":443\"; ma=2592000,h3-Q049=\":443\"; ma=2592000,h3-Q048=\":443\"; ma=2592000,h3-Q046=\":443\"; ma=2592000,h3-Q043=\":443\"; ma=2592000,h3-T050=\":443\"; ma=2592000","accept-ranges":"none","transfer-encoding":"chunked"}
[debug] [2020-04-16T16:38:03.826Z] <<< HTTP RESPONSE 200 {"content-type":"application/json; charset=UTF-8","vary":"X-Origin, Referer, Origin,Accept-Encoding","date":"Thu, 16 Apr 2020 16:38:03 GMT","server":"ESF","cache-control":"private","x-xss-protection":"0","x-frame-options":"SAMEORIGIN","x-content-type-options":"nosniff","alt-svc":"quic=\":443\"; ma=2592000; v=\"46,43\",h3-Q050=\":443\"; ma=2592000,h3-Q049=\":443\"; ma=2592000,h3-Q048=\":443\"; ma=2592000,h3-Q046=\":443\"; ma=2592000,h3-Q043=\":443\"; ma=2592000,h3-T050=\":443\"; ma=2592000","accept-ranges":"none","transfer-encoding":"chunked"}
[debug] [2020-04-16T16:38:05.824Z] >>> HTTP REQUEST GET https://cloudfunctions.googleapis.com/v1/operations/bWFyaW9wbGFuLTliZjM1L3VzLWNlbnRyYWwxL3Byb2plY3RDcmVhdGVkL2s5VzB3cHBENTFZ  
 
[debug] [2020-04-16T16:38:05.826Z] >>> HTTP REQUEST GET https://cloudfunctions.googleapis.com/v1/operations/bWFyaW9wbGFuLTliZjM1L3VzLWNlbnRyYWwxL2hlbGxvV29ybGQvcHJ0NGlITlZTVlE  
 
[debug] [2020-04-16T16:38:05.829Z] >>> HTTP REQUEST GET https://cloudfunctions.googleapis.com/v1/operations/bWFyaW9wbGFuLTliZjM1L3VzLWNlbnRyYWwxL3VzZXJKb2luZWQvSUw1SnZRZVZXYjQ  
 
[debug] [2020-04-16T16:38:06.252Z] <<< HTTP RESPONSE 200 {"content-type":"application/json; charset=UTF-8","vary":"X-Origin, Referer, Origin,Accept-Encoding","date":"Thu, 16 Apr 2020 16:38:06 GMT","server":"ESF","cache-control":"private","x-xss-protection":"0","x-frame-options":"SAMEORIGIN","x-content-type-options":"nosniff","alt-svc":"quic=\":443\"; ma=2592000; v=\"46,43\",h3-Q050=\":443\"; ma=2592000,h3-Q049=\":443\"; ma=2592000,h3-Q048=\":443\"; ma=2592000,h3-Q046=\":443\"; ma=2592000,h3-Q043=\":443\"; ma=2592000,h3-T050=\":443\"; ma=2592000","accept-ranges":"none","transfer-encoding":"chunked"}
[debug] [2020-04-16T16:38:06.254Z] <<< HTTP RESPONSE 200 {"content-type":"application/json; charset=UTF-8","vary":"X-Origin, Referer, Origin,Accept-Encoding","date":"Thu, 16 Apr 2020 16:38:06 GMT","server":"ESF","cache-control":"private","x-xss-protection":"0","x-frame-options":"SAMEORIGIN","x-content-type-options":"nosniff","alt-svc":"quic=\":443\"; ma=2592000; v=\"46,43\",h3-Q050=\":443\"; ma=2592000,h3-Q049=\":443\"; ma=2592000,h3-Q048=\":443\"; ma=2592000,h3-Q046=\":443\"; ma=2592000,h3-Q043=\":443\"; ma=2592000,h3-T050=\":443\"; ma=2592000","accept-ranges":"none","transfer-encoding":"chunked"}
[debug] [2020-04-16T16:38:06.256Z] <<< HTTP RESPONSE 200 {"content-type":"application/json; charset=UTF-8","vary":"X-Origin, Referer, Origin,Accept-Encoding","date":"Thu, 16 Apr 2020 16:38:06 GMT","server":"ESF","cache-control":"private","x-xss-protection":"0","x-frame-options":"SAMEORIGIN","x-content-type-options":"nosniff","alt-svc":"quic=\":443\"; ma=2592000; v=\"46,43\",h3-Q050=\":443\"; ma=2592000,h3-Q049=\":443\"; ma=2592000,h3-Q048=\":443\"; ma=2592000,h3-Q046=\":443\"; ma=2592000,h3-Q043=\":443\"; ma=2592000,h3-T050=\":443\"; ma=2592000","accept-ranges":"none","transfer-encoding":"chunked"}
[debug] [2020-04-16T16:38:08.256Z] >>> HTTP REQUEST GET https://cloudfunctions.googleapis.com/v1/operations/bWFyaW9wbGFuLTliZjM1L3VzLWNlbnRyYWwxL3VzZXJKb2luZWQvSUw1SnZRZVZXYjQ  
 
[debug] [2020-04-16T16:38:08.258Z] >>> HTTP REQUEST GET https://cloudfunctions.googleapis.com/v1/operations/bWFyaW9wbGFuLTliZjM1L3VzLWNlbnRyYWwxL2hlbGxvV29ybGQvcHJ0NGlITlZTVlE  
 
[debug] [2020-04-16T16:38:08.260Z] >>> HTTP REQUEST GET https://cloudfunctions.googleapis.com/v1/operations/bWFyaW9wbGFuLTliZjM1L3VzLWNlbnRyYWwxL3Byb2plY3RDcmVhdGVkL2s5VzB3cHBENTFZ  
 
[debug] [2020-04-16T16:38:08.668Z] <<< HTTP RESPONSE 200 {"content-type":"application/json; charset=UTF-8","vary":"X-Origin, Referer, Origin,Accept-Encoding","date":"Thu, 16 Apr 2020 16:38:08 GMT","server":"ESF","cache-control":"private","x-xss-protection":"0","x-frame-options":"SAMEORIGIN","x-content-type-options":"nosniff","alt-svc":"quic=\":443\"; ma=2592000; v=\"46,43\",h3-Q050=\":443\"; ma=2592000,h3-Q049=\":443\"; ma=2592000,h3-Q048=\":443\"; ma=2592000,h3-Q046=\":443\"; ma=2592000,h3-Q043=\":443\"; ma=2592000,h3-T050=\":443\"; ma=2592000","accept-ranges":"none","transfer-encoding":"chunked"}
[debug] [2020-04-16T16:38:08.669Z] <<< HTTP RESPONSE 200 {"content-type":"application/json; charset=UTF-8","vary":"X-Origin, Referer, Origin,Accept-Encoding","date":"Thu, 16 Apr 2020 16:38:08 GMT","server":"ESF","cache-control":"private","x-xss-protection":"0","x-frame-options":"SAMEORIGIN","x-content-type-options":"nosniff","alt-svc":"quic=\":443\"; ma=2592000; v=\"46,43\",h3-Q050=\":443\"; ma=2592000,h3-Q049=\":443\"; ma=2592000,h3-Q048=\":443\"; ma=2592000,h3-Q046=\":443\"; ma=2592000,h3-Q043=\":443\"; ma=2592000,h3-T050=\":443\"; ma=2592000","accept-ranges":"none","transfer-encoding":"chunked"}
[debug] [2020-04-16T16:38:08.673Z] <<< HTTP RESPONSE 200 {"content-type":"application/json; charset=UTF-8","vary":"X-Origin, Referer, Origin,Accept-Encoding","date":"Thu, 16 Apr 2020 16:38:08 GMT","server":"ESF","cache-control":"private","x-xss-protection":"0","x-frame-options":"SAMEORIGIN","x-content-type-options":"nosniff","alt-svc":"quic=\":443\"; ma=2592000; v=\"46,43\",h3-Q050=\":443\"; ma=2592000,h3-Q049=\":443\"; ma=2592000,h3-Q048=\":443\"; ma=2592000,h3-Q046=\":443\"; ma=2592000,h3-Q043=\":443\"; ma=2592000,h3-T050=\":443\"; ma=2592000","accept-ranges":"none","transfer-encoding":"chunked"}
[debug] [2020-04-16T16:38:10.675Z] >>> HTTP REQUEST GET https://cloudfunctions.googleapis.com/v1/operations/bWFyaW9wbGFuLTliZjM1L3VzLWNlbnRyYWwxL3Byb2plY3RDcmVhdGVkL2s5VzB3cHBENTFZ  
 
[debug] [2020-04-16T16:38:10.676Z] >>> HTTP REQUEST GET https://cloudfunctions.googleapis.com/v1/operations/bWFyaW9wbGFuLTliZjM1L3VzLWNlbnRyYWwxL3VzZXJKb2luZWQvSUw1SnZRZVZXYjQ  
 
[debug] [2020-04-16T16:38:10.683Z] >>> HTTP REQUEST GET https://cloudfunctions.googleapis.com/v1/operations/bWFyaW9wbGFuLTliZjM1L3VzLWNlbnRyYWwxL2hlbGxvV29ybGQvcHJ0NGlITlZTVlE  
 
[debug] [2020-04-16T16:38:11.098Z] <<< HTTP RESPONSE 200 {"content-type":"application/json; charset=UTF-8","vary":"X-Origin, Referer, Origin,Accept-Encoding","date":"Thu, 16 Apr 2020 16:38:11 GMT","server":"ESF","cache-control":"private","x-xss-protection":"0","x-frame-options":"SAMEORIGIN","x-content-type-options":"nosniff","alt-svc":"quic=\":443\"; ma=2592000; v=\"46,43\",h3-Q050=\":443\"; ma=2592000,h3-Q049=\":443\"; ma=2592000,h3-Q048=\":443\"; ma=2592000,h3-Q046=\":443\"; ma=2592000,h3-Q043=\":443\"; ma=2592000,h3-T050=\":443\"; ma=2592000","accept-ranges":"none","transfer-encoding":"chunked"}
[debug] [2020-04-16T16:38:11.099Z] <<< HTTP RESPONSE 200 {"content-type":"application/json; charset=UTF-8","vary":"X-Origin, Referer, Origin,Accept-Encoding","date":"Thu, 16 Apr 2020 16:38:11 GMT","server":"ESF","cache-control":"private","x-xss-protection":"0","x-frame-options":"SAMEORIGIN","x-content-type-options":"nosniff","alt-svc":"quic=\":443\"; ma=2592000; v=\"46,43\",h3-Q050=\":443\"; ma=2592000,h3-Q049=\":443\"; ma=2592000,h3-Q048=\":443\"; ma=2592000,h3-Q046=\":443\"; ma=2592000,h3-Q043=\":443\"; ma=2592000,h3-T050=\":443\"; ma=2592000","accept-ranges":"none","transfer-encoding":"chunked"}
[debug] [2020-04-16T16:38:11.100Z] <<< HTTP RESPONSE 200 {"content-type":"application/json; charset=UTF-8","vary":"X-Origin, Referer, Origin,Accept-Encoding","date":"Thu, 16 Apr 2020 16:38:11 GMT","server":"ESF","cache-control":"private","x-xss-protection":"0","x-frame-options":"SAMEORIGIN","x-content-type-options":"nosniff","alt-svc":"quic=\":443\"; ma=2592000; v=\"46,43\",h3-Q050=\":443\"; ma=2592000,h3-Q049=\":443\"; ma=2592000,h3-Q048=\":443\"; ma=2592000,h3-Q046=\":443\"; ma=2592000,h3-Q043=\":443\"; ma=2592000,h3-T050=\":443\"; ma=2592000","accept-ranges":"none","transfer-encoding":"chunked"}
[debug] [2020-04-16T16:38:13.101Z] >>> HTTP REQUEST GET https://cloudfunctions.googleapis.com/v1/operations/bWFyaW9wbGFuLTliZjM1L3VzLWNlbnRyYWwxL3VzZXJKb2luZWQvSUw1SnZRZVZXYjQ  
 
[debug] [2020-04-16T16:38:13.102Z] >>> HTTP REQUEST GET https://cloudfunctions.googleapis.com/v1/operations/bWFyaW9wbGFuLTliZjM1L3VzLWNlbnRyYWwxL3Byb2plY3RDcmVhdGVkL2s5VzB3cHBENTFZ  
 
[debug] [2020-04-16T16:38:13.107Z] >>> HTTP REQUEST GET https://cloudfunctions.googleapis.com/v1/operations/bWFyaW9wbGFuLTliZjM1L3VzLWNlbnRyYWwxL2hlbGxvV29ybGQvcHJ0NGlITlZTVlE  
 
[debug] [2020-04-16T16:38:13.503Z] <<< HTTP RESPONSE 200 {"content-type":"application/json; charset=UTF-8","vary":"X-Origin, Referer, Origin,Accept-Encoding","date":"Thu, 16 Apr 2020 16:38:13 GMT","server":"ESF","cache-control":"private","x-xss-protection":"0","x-frame-options":"SAMEORIGIN","x-content-type-options":"nosniff","alt-svc":"quic=\":443\"; ma=2592000; v=\"46,43\",h3-Q050=\":443\"; ma=2592000,h3-Q049=\":443\"; ma=2592000,h3-Q048=\":443\"; ma=2592000,h3-Q046=\":443\"; ma=2592000,h3-Q043=\":443\"; ma=2592000,h3-T050=\":443\"; ma=2592000","accept-ranges":"none","transfer-encoding":"chunked"}
[debug] [2020-04-16T16:38:13.504Z] <<< HTTP RESPONSE 200 {"content-type":"application/json; charset=UTF-8","vary":"X-Origin, Referer, Origin,Accept-Encoding","date":"Thu, 16 Apr 2020 16:38:13 GMT","server":"ESF","cache-control":"private","x-xss-protection":"0","x-frame-options":"SAMEORIGIN","x-content-type-options":"nosniff","alt-svc":"quic=\":443\"; ma=2592000; v=\"46,43\",h3-Q050=\":443\"; ma=2592000,h3-Q049=\":443\"; ma=2592000,h3-Q048=\":443\"; ma=2592000,h3-Q046=\":443\"; ma=2592000,h3-Q043=\":443\"; ma=2592000,h3-T050=\":443\"; ma=2592000","accept-ranges":"none","transfer-encoding":"chunked"}
[debug] [2020-04-16T16:38:13.508Z] <<< HTTP RESPONSE 200 {"content-type":"application/json; charset=UTF-8","vary":"X-Origin, Referer, Origin,Accept-Encoding","date":"Thu, 16 Apr 2020 16:38:13 GMT","server":"ESF","cache-control":"private","x-xss-protection":"0","x-frame-options":"SAMEORIGIN","x-content-type-options":"nosniff","alt-svc":"quic=\":443\"; ma=2592000; v=\"46,43\",h3-Q050=\":443\"; ma=2592000,h3-Q049=\":443\"; ma=2592000,h3-Q048=\":443\"; ma=2592000,h3-Q046=\":443\"; ma=2592000,h3-Q043=\":443\"; ma=2592000,h3-T050=\":443\"; ma=2592000","accept-ranges":"none","transfer-encoding":"chunked"}
[debug] [2020-04-16T16:38:15.506Z] >>> HTTP REQUEST GET https://cloudfunctions.googleapis.com/v1/operations/bWFyaW9wbGFuLTliZjM1L3VzLWNlbnRyYWwxL3VzZXJKb2luZWQvSUw1SnZRZVZXYjQ  
 
[debug] [2020-04-16T16:38:15.508Z] >>> HTTP REQUEST GET https://cloudfunctions.googleapis.com/v1/operations/bWFyaW9wbGFuLTliZjM1L3VzLWNlbnRyYWwxL3Byb2plY3RDcmVhdGVkL2s5VzB3cHBENTFZ  
 
[debug] [2020-04-16T16:38:15.511Z] >>> HTTP REQUEST GET https://cloudfunctions.googleapis.com/v1/operations/bWFyaW9wbGFuLTliZjM1L3VzLWNlbnRyYWwxL2hlbGxvV29ybGQvcHJ0NGlITlZTVlE  
 
[debug] [2020-04-16T16:38:15.877Z] <<< HTTP RESPONSE 200 {"content-type":"application/json; charset=UTF-8","vary":"X-Origin, Referer, Origin,Accept-Encoding","date":"Thu, 16 Apr 2020 16:38:15 GMT","server":"ESF","cache-control":"private","x-xss-protection":"0","x-frame-options":"SAMEORIGIN","x-content-type-options":"nosniff","alt-svc":"quic=\":443\"; ma=2592000; v=\"46,43\",h3-Q050=\":443\"; ma=2592000,h3-Q049=\":443\"; ma=2592000,h3-Q048=\":443\"; ma=2592000,h3-Q046=\":443\"; ma=2592000,h3-Q043=\":443\"; ma=2592000,h3-T050=\":443\"; ma=2592000","accept-ranges":"none","transfer-encoding":"chunked"}
[debug] [2020-04-16T16:38:15.900Z] <<< HTTP RESPONSE 200 {"content-type":"application/json; charset=UTF-8","vary":"X-Origin, Referer, Origin,Accept-Encoding","date":"Thu, 16 Apr 2020 16:38:15 GMT","server":"ESF","cache-control":"private","x-xss-protection":"0","x-frame-options":"SAMEORIGIN","x-content-type-options":"nosniff","alt-svc":"quic=\":443\"; ma=2592000; v=\"46,43\",h3-Q050=\":443\"; ma=2592000,h3-Q049=\":443\"; ma=2592000,h3-Q048=\":443\"; ma=2592000,h3-Q046=\":443\"; ma=2592000,h3-Q043=\":443\"; ma=2592000,h3-T050=\":443\"; ma=2592000","accept-ranges":"none","transfer-encoding":"chunked"}
[debug] [2020-04-16T16:38:15.903Z] <<< HTTP RESPONSE 200 {"content-type":"application/json; charset=UTF-8","vary":"X-Origin, Referer, Origin,Accept-Encoding","date":"Thu, 16 Apr 2020 16:38:15 GMT","server":"ESF","cache-control":"private","x-xss-protection":"0","x-frame-options":"SAMEORIGIN","x-content-type-options":"nosniff","alt-svc":"quic=\":443\"; ma=2592000; v=\"46,43\",h3-Q050=\":443\"; ma=2592000,h3-Q049=\":443\"; ma=2592000,h3-Q048=\":443\"; ma=2592000,h3-Q046=\":443\"; ma=2592000,h3-Q043=\":443\"; ma=2592000,h3-T050=\":443\"; ma=2592000","accept-ranges":"none","transfer-encoding":"chunked"}
[debug] [2020-04-16T16:38:17.888Z] >>> HTTP REQUEST GET https://cloudfunctions.googleapis.com/v1/operations/bWFyaW9wbGFuLTliZjM1L3VzLWNlbnRyYWwxL2hlbGxvV29ybGQvcHJ0NGlITlZTVlE  
 
[debug] [2020-04-16T16:38:17.903Z] >>> HTTP REQUEST GET https://cloudfunctions.googleapis.com/v1/operations/bWFyaW9wbGFuLTliZjM1L3VzLWNlbnRyYWwxL3VzZXJKb2luZWQvSUw1SnZRZVZXYjQ  
 
[debug] [2020-04-16T16:38:17.907Z] >>> HTTP REQUEST GET https://cloudfunctions.googleapis.com/v1/operations/bWFyaW9wbGFuLTliZjM1L3VzLWNlbnRyYWwxL3Byb2plY3RDcmVhdGVkL2s5VzB3cHBENTFZ  
 
[debug] [2020-04-16T16:38:21.515Z] <<< HTTP RESPONSE 200 {"content-type":"application/json; charset=UTF-8","vary":"X-Origin, Referer, Origin,Accept-Encoding","date":"Thu, 16 Apr 2020 16:38:21 GMT","server":"ESF","cache-control":"private","x-xss-protection":"0","x-frame-options":"SAMEORIGIN","x-content-type-options":"nosniff","alt-svc":"quic=\":443\"; ma=2592000; v=\"46,43\",h3-Q050=\":443\"; ma=2592000,h3-Q049=\":443\"; ma=2592000,h3-Q048=\":443\"; ma=2592000,h3-Q046=\":443\"; ma=2592000,h3-Q043=\":443\"; ma=2592000,h3-T050=\":443\"; ma=2592000","accept-ranges":"none","transfer-encoding":"chunked"}
[debug] [2020-04-16T16:38:21.517Z] <<< HTTP RESPONSE 200 {"content-type":"application/json; charset=UTF-8","vary":"X-Origin, Referer, Origin,Accept-Encoding","date":"Thu, 16 Apr 2020 16:38:21 GMT","server":"ESF","cache-control":"private","x-xss-protection":"0","x-frame-options":"SAMEORIGIN","x-content-type-options":"nosniff","alt-svc":"quic=\":443\"; ma=2592000; v=\"46,43\",h3-Q050=\":443\"; ma=2592000,h3-Q049=\":443\"; ma=2592000,h3-Q048=\":443\"; ma=2592000,h3-Q046=\":443\"; ma=2592000,h3-Q043=\":443\"; ma=2592000,h3-T050=\":443\"; ma=2592000","accept-ranges":"none","transfer-encoding":"chunked"}
[debug] [2020-04-16T16:38:21.519Z] <<< HTTP RESPONSE 200 {"content-type":"application/json; charset=UTF-8","vary":"X-Origin, Referer, Origin,Accept-Encoding","date":"Thu, 16 Apr 2020 16:38:21 GMT","server":"ESF","cache-control":"private","x-xss-protection":"0","x-frame-options":"SAMEORIGIN","x-content-type-options":"nosniff","alt-svc":"quic=\":443\"; ma=2592000; v=\"46,43\",h3-Q050=\":443\"; ma=2592000,h3-Q049=\":443\"; ma=2592000,h3-Q048=\":443\"; ma=2592000,h3-Q046=\":443\"; ma=2592000,h3-Q043=\":443\"; ma=2592000,h3-T050=\":443\"; ma=2592000","accept-ranges":"none","transfer-encoding":"chunked"}
[debug] [2020-04-16T16:38:23.520Z] >>> HTTP REQUEST GET https://cloudfunctions.googleapis.com/v1/operations/bWFyaW9wbGFuLTliZjM1L3VzLWNlbnRyYWwxL3Byb2plY3RDcmVhdGVkL2s5VzB3cHBENTFZ  
 
[debug] [2020-04-16T16:38:23.523Z] >>> HTTP REQUEST GET https://cloudfunctions.googleapis.com/v1/operations/bWFyaW9wbGFuLTliZjM1L3VzLWNlbnRyYWwxL3VzZXJKb2luZWQvSUw1SnZRZVZXYjQ  
 
[debug] [2020-04-16T16:38:23.524Z] >>> HTTP REQUEST GET https://cloudfunctions.googleapis.com/v1/operations/bWFyaW9wbGFuLTliZjM1L3VzLWNlbnRyYWwxL2hlbGxvV29ybGQvcHJ0NGlITlZTVlE  
 
[debug] [2020-04-16T16:38:23.910Z] <<< HTTP RESPONSE 200 {"content-type":"application/json; charset=UTF-8","vary":"X-Origin, Referer, Origin,Accept-Encoding","date":"Thu, 16 Apr 2020 16:38:23 GMT","server":"ESF","cache-control":"private","x-xss-protection":"0","x-frame-options":"SAMEORIGIN","x-content-type-options":"nosniff","alt-svc":"quic=\":443\"; ma=2592000; v=\"46,43\",h3-Q050=\":443\"; ma=2592000,h3-Q049=\":443\"; ma=2592000,h3-Q048=\":443\"; ma=2592000,h3-Q046=\":443\"; ma=2592000,h3-Q043=\":443\"; ma=2592000,h3-T050=\":443\"; ma=2592000","accept-ranges":"none","transfer-encoding":"chunked"}
[debug] [2020-04-16T16:38:23.912Z] <<< HTTP RESPONSE 200 {"content-type":"application/json; charset=UTF-8","vary":"X-Origin, Referer, Origin,Accept-Encoding","date":"Thu, 16 Apr 2020 16:38:23 GMT","server":"ESF","cache-control":"private","x-xss-protection":"0","x-frame-options":"SAMEORIGIN","x-content-type-options":"nosniff","alt-svc":"quic=\":443\"; ma=2592000; v=\"46,43\",h3-Q050=\":443\"; ma=2592000,h3-Q049=\":443\"; ma=2592000,h3-Q048=\":443\"; ma=2592000,h3-Q046=\":443\"; ma=2592000,h3-Q043=\":443\"; ma=2592000,h3-T050=\":443\"; ma=2592000","accept-ranges":"none","transfer-encoding":"chunked"}
[info] ✔  functions[projectCreated(us-central1)]: Successful update operation. 
[debug] [2020-04-16T16:38:23.922Z] <<< HTTP RESPONSE 200 {"content-type":"application/json; charset=UTF-8","vary":"X-Origin, Referer, Origin,Accept-Encoding","date":"Thu, 16 Apr 2020 16:38:23 GMT","server":"ESF","cache-control":"private","x-xss-protection":"0","x-frame-options":"SAMEORIGIN","x-content-type-options":"nosniff","alt-svc":"quic=\":443\"; ma=2592000; v=\"46,43\",h3-Q050=\":443\"; ma=2592000,h3-Q049=\":443\"; ma=2592000,h3-Q048=\":443\"; ma=2592000,h3-Q046=\":443\"; ma=2592000,h3-Q043=\":443\"; ma=2592000,h3-T050=\":443\"; ma=2592000","accept-ranges":"none","transfer-encoding":"chunked"}
[debug] [2020-04-16T16:38:25.914Z] >>> HTTP REQUEST GET https://cloudfunctions.googleapis.com/v1/operations/bWFyaW9wbGFuLTliZjM1L3VzLWNlbnRyYWwxL3VzZXJKb2luZWQvSUw1SnZRZVZXYjQ  
 
[debug] [2020-04-16T16:38:25.928Z] >>> HTTP REQUEST GET https://cloudfunctions.googleapis.com/v1/operations/bWFyaW9wbGFuLTliZjM1L3VzLWNlbnRyYWwxL2hlbGxvV29ybGQvcHJ0NGlITlZTVlE  
 
[debug] [2020-04-16T16:38:26.307Z] <<< HTTP RESPONSE 200 {"content-type":"application/json; charset=UTF-8","vary":"X-Origin, Referer, Origin,Accept-Encoding","date":"Thu, 16 Apr 2020 16:38:26 GMT","server":"ESF","cache-control":"private","x-xss-protection":"0","x-frame-options":"SAMEORIGIN","x-content-type-options":"nosniff","alt-svc":"quic=\":443\"; ma=2592000; v=\"46,43\",h3-Q050=\":443\"; ma=2592000,h3-Q049=\":443\"; ma=2592000,h3-Q048=\":443\"; ma=2592000,h3-Q046=\":443\"; ma=2592000,h3-Q043=\":443\"; ma=2592000,h3-T050=\":443\"; ma=2592000","accept-ranges":"none","transfer-encoding":"chunked"}
[debug] [2020-04-16T16:38:26.366Z] <<< HTTP RESPONSE 200 {"content-type":"application/json; charset=UTF-8","vary":"X-Origin, Referer, Origin,Accept-Encoding","date":"Thu, 16 Apr 2020 16:38:26 GMT","server":"ESF","cache-control":"private","x-xss-protection":"0","x-frame-options":"SAMEORIGIN","x-content-type-options":"nosniff","alt-svc":"quic=\":443\"; ma=2592000; v=\"46,43\",h3-Q050=\":443\"; ma=2592000,h3-Q049=\":443\"; ma=2592000,h3-Q048=\":443\"; ma=2592000,h3-Q046=\":443\"; ma=2592000,h3-Q043=\":443\"; ma=2592000,h3-T050=\":443\"; ma=2592000","accept-ranges":"none","transfer-encoding":"chunked"}
[debug] [2020-04-16T16:38:28.312Z] >>> HTTP REQUEST GET https://cloudfunctions.googleapis.com/v1/operations/bWFyaW9wbGFuLTliZjM1L3VzLWNlbnRyYWwxL2hlbGxvV29ybGQvcHJ0NGlITlZTVlE  
 
[debug] [2020-04-16T16:38:28.372Z] >>> HTTP REQUEST GET https://cloudfunctions.googleapis.com/v1/operations/bWFyaW9wbGFuLTliZjM1L3VzLWNlbnRyYWwxL3VzZXJKb2luZWQvSUw1SnZRZVZXYjQ  
 
[debug] [2020-04-16T16:38:28.731Z] <<< HTTP RESPONSE 200 {"content-type":"application/json; charset=UTF-8","vary":"X-Origin, Referer, Origin,Accept-Encoding","date":"Thu, 16 Apr 2020 16:38:28 GMT","server":"ESF","cache-control":"private","x-xss-protection":"0","x-frame-options":"SAMEORIGIN","x-content-type-options":"nosniff","alt-svc":"quic=\":443\"; ma=2592000; v=\"46,43\",h3-Q050=\":443\"; ma=2592000,h3-Q049=\":443\"; ma=2592000,h3-Q048=\":443\"; ma=2592000,h3-Q046=\":443\"; ma=2592000,h3-Q043=\":443\"; ma=2592000,h3-T050=\":443\"; ma=2592000","accept-ranges":"none","transfer-encoding":"chunked"}
[debug] [2020-04-16T16:38:28.733Z] <<< HTTP RESPONSE 200 {"content-type":"application/json; charset=UTF-8","vary":"X-Origin, Referer, Origin,Accept-Encoding","date":"Thu, 16 Apr 2020 16:38:28 GMT","server":"ESF","cache-control":"private","x-xss-protection":"0","x-frame-options":"SAMEORIGIN","x-content-type-options":"nosniff","alt-svc":"quic=\":443\"; ma=2592000; v=\"46,43\",h3-Q050=\":443\"; ma=2592000,h3-Q049=\":443\"; ma=2592000,h3-Q048=\":443\"; ma=2592000,h3-Q046=\":443\"; ma=2592000,h3-Q043=\":443\"; ma=2592000,h3-T050=\":443\"; ma=2592000","accept-ranges":"none","transfer-encoding":"chunked"}
